<?xml version="1.0" encoding="UTF-8"?>
<testsuite xmlns:xsi="http://www.w3.org/2001/XMLSchema-instance" xsi:noNamespaceSchemaLocation="https://maven.apache.org/surefire/maven-surefire-plugin/xsd/surefire-test-report.xsd" version="3.0.2" name="runner.TestRunner" time="8.391" tests="15" errors="0" skipped="0" failures="8">
  <properties>
[...]
</properties>
  <testcase name="Filter by Product Name #1" classname="Filter Functionality APIs" time="0.438">
    <failure message="1 expectation failed.&#10;JSON path message doesn&apos;t match.&#10;Expected: All Products fetched Successfully&#10;  Actual: No Products Found&#10;" type="java.lang.AssertionError"><![CDATA[java.lang.AssertionError: 
1 expectation failed.
JSON path message doesn't match.
Expected: All Products fetched Successfully
  Actual: No Products Found

	at org.codehaus.groovy.vmplugin.v8.IndyInterface.fromCache(IndyInterface.java:344)
	at io.restassured.internal.ResponseSpecificationImpl$HamcrestAssertionClosure.validate(ResponseSpecificationImpl.groovy:516)
	at org.codehaus.groovy.vmplugin.v8.IndyInterface.fromCache(IndyInterface.java:344)
	at io.restassured.internal.ResponseSpecificationImpl.validate(ResponseSpecificationImpl.groovy:105)
	at io.restassured.internal.ValidatableResponseOptionsImpl.spec(ValidatableResponseOptionsImpl.java:288)
	at service.ResponseValidationService.ValidateResponse(ResponseValidationService.java:15)
	at stepDefinitions.FilterStepDefinitions.i_validate_the_response_code_and_response_message(FilterStepDefinitions.java:22)
	at ✽.I Validate the 200 and "All Products fetched Successfully"(file:///C:/Users/hp/eclipse-workspace/APIFrameworkDevelopment/src/test/resources/feature/Filter.feature:7)
]]></failure>
    <system-out><![CDATA[Properties file loaded successfully
Using Properties file: report.path = TestReports/
Using Properties file: extent.report.title = API Filter Testing Report
Using Properties file: extent.report.author = Mohak Bhatia
Using Properties file: base.uri = https://rahulshettyacademy.com/api/ecom
Using Properties file: base.uri = https://rahulshettyacademy.com/api/ecom
Using Properties file: login.endpoint = /auth/login
HTTP/1.1 200 OK
Date: Sun, 19 Jul 2026 16:42:47 GMT
Server: Apache/2.4.52 (Ubuntu)
Content-Security-Policy: default-src 'self';base-uri 'self';block-all-mixed-content;font-src 'self' https: data:;frame-ancestors 'self';img-src 'self' data:;object-src 'none';script-src 'self';script-src-attr 'none';style-src 'self' https: 'unsafe-inline';upgrade-insecure-requests
X-DNS-Prefetch-Control: off
Expect-CT: max-age=0
X-Frame-Options: SAMEORIGIN
Strict-Transport-Security: max-age=15552000; includeSubDomains
X-Download-Options: noopen
X-Content-Type-Options: nosniff
X-Permitted-Cross-Domain-Policies: none
Referrer-Policy: no-referrer
X-XSS-Protection: 0
Access-Control-Allow-Origin: *
Content-Type: application/json; charset=utf-8
Content-Length: 366
ETag: W/"16e-WvVuxvoXRV2O2A13XxXwD4BasLA"
Vary: Accept-Encoding
Keep-Alive: timeout=5, max=100
Connection: Keep-Alive

{
    "token": "eyJhbGciOiJIUzI1NiIsInR5cCI6IkpXVCJ9.eyJfaWQiOiI2ODdkMTU4ZTZlYjM3Nzc1MzBhYjZlNzMiLCJ1c2VyRW1haWwiOiJiaGF0aWFtb2hhazE3MDJAZ21haWwuY29tIiwidXNlck1vYmlsZSI6Nzk4ODcxNTMwMywidXNlclJvbGUiOiJjdXN0b21lciIsImlhdCI6MTc4NDQ3OTM2NywiZXhwIjoxODE2MDM2OTY3fQ.cMRIksykSK--h373MK1uPKDb28BGAJXtjlwvSadFatk",
    "userId": "687d158e6eb3777530ab6e73",
    "message": "Login Successfully"
}
Using Properties file: base.uri = https://rahulshettyacademy.com/api/ecom
Using Properties file: filter.endpoint = /product/get-all-products
]]></system-out>
  </testcase>
  <testcase name="Filter by Product Name #2" classname="Filter Functionality APIs" time="0.205">
    <system-out><![CDATA[Using Properties file: base.uri = https://rahulshettyacademy.com/api/ecom
Using Properties file: filter.endpoint = /product/get-all-products
]]></system-out>
  </testcase>
  <testcase name="Filter by Price Range #1" classname="Filter Functionality APIs" time="0.231">
    <system-out><![CDATA[Using Properties file: base.uri = https://rahulshettyacademy.com/api/ecom
Using Properties file: filter.endpoint = /product/get-all-products
]]></system-out>
  </testcase>
  <testcase name="Filter by Price Range #2" classname="Filter Functionality APIs" time="0.22">
    <system-out><![CDATA[Using Properties file: base.uri = https://rahulshettyacademy.com/api/ecom
Using Properties file: filter.endpoint = /product/get-all-products
]]></system-out>
  </testcase>
  <testcase name="Filter by Categories #1" classname="Filter Functionality APIs" time="0.206">
    <failure message="1 expectation failed.&#10;JSON path message doesn&apos;t match.&#10;Expected: All Products fetched Successfully&#10;  Actual: No Products Found&#10;" type="java.lang.AssertionError"><![CDATA[java.lang.AssertionError: 
1 expectation failed.
JSON path message doesn't match.
Expected: All Products fetched Successfully
  Actual: No Products Found

	at org.codehaus.groovy.vmplugin.v8.IndyInterface.fromCache(IndyInterface.java:344)
	at io.restassured.internal.ResponseSpecificationImpl$HamcrestAssertionClosure.validate(ResponseSpecificationImpl.groovy:516)
	at org.codehaus.groovy.vmplugin.v8.IndyInterface.fromCache(IndyInterface.java:344)
	at io.restassured.internal.ResponseSpecificationImpl.validate(ResponseSpecificationImpl.groovy:105)
	at io.restassured.internal.ValidatableResponseOptionsImpl.spec(ValidatableResponseOptionsImpl.java:288)
	at service.ResponseValidationService.ValidateResponse(ResponseValidationService.java:15)
	at stepDefinitions.FilterStepDefinitions.i_validate_the_response_code_and_response_message(FilterStepDefinitions.java:22)
	at ✽.I Validate the 200 and "All Products fetched Successfully"(file:///C:/Users/hp/eclipse-workspace/APIFrameworkDevelopment/src/test/resources/feature/Filter.feature:27)
]]></failure>
    <system-out><![CDATA[Using Properties file: base.uri = https://rahulshettyacademy.com/api/ecom
Using Properties file: filter.endpoint = /product/get-all-products
]]></system-out>
  </testcase>
  <testcase name="Filter by Categories #2" classname="Filter Functionality APIs" time="0.205">
    <system-out><![CDATA[Using Properties file: base.uri = https://rahulshettyacademy.com/api/ecom
Using Properties file: filter.endpoint = /product/get-all-products
]]></system-out>
  </testcase>
  <testcase name="Filter by Categories #3" classname="Filter Functionality APIs" time="0.199">
    <failure message="1 expectation failed.&#10;JSON path message doesn&apos;t match.&#10;Expected: All Products fetched Successfully&#10;  Actual: No Products Found&#10;" type="java.lang.AssertionError"><![CDATA[java.lang.AssertionError: 
1 expectation failed.
JSON path message doesn't match.
Expected: All Products fetched Successfully
  Actual: No Products Found

	at org.codehaus.groovy.vmplugin.v8.IndyInterface.fromCache(IndyInterface.java:344)
	at io.restassured.internal.ResponseSpecificationImpl$HamcrestAssertionClosure.validate(ResponseSpecificationImpl.groovy:516)
	at org.codehaus.groovy.vmplugin.v8.IndyInterface.fromCache(IndyInterface.java:344)
	at io.restassured.internal.ResponseSpecificationImpl.validate(ResponseSpecificationImpl.groovy:105)
	at io.restassured.internal.ValidatableResponseOptionsImpl.spec(ValidatableResponseOptionsImpl.java:288)
	at service.ResponseValidationService.ValidateResponse(ResponseValidationService.java:15)
	at stepDefinitions.FilterStepDefinitions.i_validate_the_response_code_and_response_message(FilterStepDefinitions.java:22)
	at ✽.I Validate the 200 and "All Products fetched Successfully"(file:///C:/Users/hp/eclipse-workspace/APIFrameworkDevelopment/src/test/resources/feature/Filter.feature:27)
]]></failure>
    <system-out><![CDATA[Using Properties file: base.uri = https://rahulshettyacademy.com/api/ecom
Using Properties file: filter.endpoint = /product/get-all-products
]]></system-out>
  </testcase>
  <testcase name="Filter by Categories #4" classname="Filter Functionality APIs" time="0.205">
    <system-out><![CDATA[Using Properties file: base.uri = https://rahulshettyacademy.com/api/ecom
Using Properties file: filter.endpoint = /product/get-all-products
]]></system-out>
  </testcase>
  <testcase name="Filter by Categories #5" classname="Filter Functionality APIs" time="0.173">
    <failure message="1 expectation failed.&#10;JSON path message doesn&apos;t match.&#10;Expected: All Products fetched Successfully&#10;  Actual: No Products Found&#10;" type="java.lang.AssertionError"><![CDATA[java.lang.AssertionError: 
1 expectation failed.
JSON path message doesn't match.
Expected: All Products fetched Successfully
  Actual: No Products Found

	at org.codehaus.groovy.vmplugin.v8.IndyInterface.fromCache(IndyInterface.java:344)
	at io.restassured.internal.ResponseSpecificationImpl$HamcrestAssertionClosure.validate(ResponseSpecificationImpl.groovy:516)
	at org.codehaus.groovy.vmplugin.v8.IndyInterface.fromCache(IndyInterface.java:344)
	at io.restassured.internal.ResponseSpecificationImpl.validate(ResponseSpecificationImpl.groovy:105)
	at io.restassured.internal.ValidatableResponseOptionsImpl.spec(ValidatableResponseOptionsImpl.java:288)
	at service.ResponseValidationService.ValidateResponse(ResponseValidationService.java:15)
	at stepDefinitions.FilterStepDefinitions.i_validate_the_response_code_and_response_message(FilterStepDefinitions.java:22)
	at ✽.I Validate the 200 and "All Products fetched Successfully"(file:///C:/Users/hp/eclipse-workspace/APIFrameworkDevelopment/src/test/resources/feature/Filter.feature:27)
]]></failure>
    <system-out><![CDATA[Using Properties file: base.uri = https://rahulshettyacademy.com/api/ecom
Using Properties file: filter.endpoint = /product/get-all-products
]]></system-out>
  </testcase>
  <testcase name="Filter by Subcategories #1" classname="Filter Functionality APIs" time="0.226">
    <system-out><![CDATA[Using Properties file: base.uri = https://rahulshettyacademy.com/api/ecom
Using Properties file: filter.endpoint = /product/get-all-products
]]></system-out>
  </testcase>
  <testcase name="Filter by Subcategories #2" classname="Filter Functionality APIs" time="1.168">
    <system-out><![CDATA[Using Properties file: base.uri = https://rahulshettyacademy.com/api/ecom
Using Properties file: filter.endpoint = /product/get-all-products
]]></system-out>
  </testcase>
  <testcase name="Filter by Subcategories #3" classname="Filter Functionality APIs" time="0.156">
    <failure message="1 expectation failed.&#10;JSON path message doesn&apos;t match.&#10;Expected: All Products fetched Successfully&#10;  Actual: No Products Found&#10;" type="java.lang.AssertionError"><![CDATA[java.lang.AssertionError: 
1 expectation failed.
JSON path message doesn't match.
Expected: All Products fetched Successfully
  Actual: No Products Found

	at org.codehaus.groovy.vmplugin.v8.IndyInterface.fromCache(IndyInterface.java:344)
	at io.restassured.internal.ResponseSpecificationImpl$HamcrestAssertionClosure.validate(ResponseSpecificationImpl.groovy:516)
	at org.codehaus.groovy.vmplugin.v8.IndyInterface.fromCache(IndyInterface.java:344)
	at io.restassured.internal.ResponseSpecificationImpl.validate(ResponseSpecificationImpl.groovy:105)
	at io.restassured.internal.ValidatableResponseOptionsImpl.spec(ValidatableResponseOptionsImpl.java:288)
	at service.ResponseValidationService.ValidateResponse(ResponseValidationService.java:15)
	at stepDefinitions.FilterStepDefinitions.i_validate_the_response_code_and_response_message(FilterStepDefinitions.java:22)
	at ✽.I Validate the 200 and "All Products fetched Successfully"(file:///C:/Users/hp/eclipse-workspace/APIFrameworkDevelopment/src/test/resources/feature/Filter.feature:40)
]]></failure>
    <system-out><![CDATA[Using Properties file: base.uri = https://rahulshettyacademy.com/api/ecom
Using Properties file: filter.endpoint = /product/get-all-products
]]></system-out>
  </testcase>
  <testcase name="Filter by Subcategories #4" classname="Filter Functionality APIs" time="0.153">
    <failure message="1 expectation failed.&#10;JSON path message doesn&apos;t match.&#10;Expected: All Products fetched Successfully&#10;  Actual: No Products Found&#10;" type="java.lang.AssertionError"><![CDATA[java.lang.AssertionError: 
1 expectation failed.
JSON path message doesn't match.
Expected: All Products fetched Successfully
  Actual: No Products Found

	at org.codehaus.groovy.vmplugin.v8.IndyInterface.fromCache(IndyInterface.java:344)
	at io.restassured.internal.ResponseSpecificationImpl$HamcrestAssertionClosure.validate(ResponseSpecificationImpl.groovy:516)
	at org.codehaus.groovy.vmplugin.v8.IndyInterface.fromCache(IndyInterface.java:344)
	at io.restassured.internal.ResponseSpecificationImpl.validate(ResponseSpecificationImpl.groovy:105)
	at io.restassured.internal.ValidatableResponseOptionsImpl.spec(ValidatableResponseOptionsImpl.java:288)
	at service.ResponseValidationService.ValidateResponse(ResponseValidationService.java:15)
	at stepDefinitions.FilterStepDefinitions.i_validate_the_response_code_and_response_message(FilterStepDefinitions.java:22)
	at ✽.I Validate the 200 and "All Products fetched Successfully"(file:///C:/Users/hp/eclipse-workspace/APIFrameworkDevelopment/src/test/resources/feature/Filter.feature:40)
]]></failure>
    <system-out><![CDATA[Using Properties file: base.uri = https://rahulshettyacademy.com/api/ecom
Using Properties file: filter.endpoint = /product/get-all-products
]]></system-out>
  </testcase>
  <testcase name="Filter by Gender #1" classname="Filter Functionality APIs" time="0.167">
    <failure message="1 expectation failed.&#10;JSON path message doesn&apos;t match.&#10;Expected: All Products fetched Successfully&#10;  Actual: No Products Found&#10;" type="java.lang.AssertionError"><![CDATA[java.lang.AssertionError: 
1 expectation failed.
JSON path message doesn't match.
Expected: All Products fetched Successfully
  Actual: No Products Found

	at org.codehaus.groovy.vmplugin.v8.IndyInterface.fromCache(IndyInterface.java:344)
	at io.restassured.internal.ResponseSpecificationImpl$HamcrestAssertionClosure.validate(ResponseSpecificationImpl.groovy:516)
	at org.codehaus.groovy.vmplugin.v8.IndyInterface.fromCache(IndyInterface.java:344)
	at io.restassured.internal.ResponseSpecificationImpl.validate(ResponseSpecificationImpl.groovy:105)
	at io.restassured.internal.ValidatableResponseOptionsImpl.spec(ValidatableResponseOptionsImpl.java:288)
	at service.ResponseValidationService.ValidateResponse(ResponseValidationService.java:15)
	at stepDefinitions.FilterStepDefinitions.i_validate_the_response_code_and_response_message(FilterStepDefinitions.java:22)
	at ✽.I Validate the 200 and "All Products fetched Successfully"(file:///C:/Users/hp/eclipse-workspace/APIFrameworkDevelopment/src/test/resources/feature/Filter.feature:52)
]]></failure>
    <system-out><![CDATA[Using Properties file: base.uri = https://rahulshettyacademy.com/api/ecom
Using Properties file: filter.endpoint = /product/get-all-products
]]></system-out>
  </testcase>
  <testcase name="Filter by Gender #2" classname="Filter Functionality APIs" time="0.145">
    <failure message="1 expectation failed.&#10;JSON path message doesn&apos;t match.&#10;Expected: All Products fetched Successfully&#10;  Actual: No Products Found&#10;" type="java.lang.AssertionError"><![CDATA[java.lang.AssertionError: 
1 expectation failed.
JSON path message doesn't match.
Expected: All Products fetched Successfully
  Actual: No Products Found

	at org.codehaus.groovy.vmplugin.v8.IndyInterface.fromCache(IndyInterface.java:344)
	at io.restassured.internal.ResponseSpecificationImpl$HamcrestAssertionClosure.validate(ResponseSpecificationImpl.groovy:516)
	at org.codehaus.groovy.vmplugin.v8.IndyInterface.fromCache(IndyInterface.java:344)
	at io.restassured.internal.ResponseSpecificationImpl.validate(ResponseSpecificationImpl.groovy:105)
	at io.restassured.internal.ValidatableResponseOptionsImpl.spec(ValidatableResponseOptionsImpl.java:288)
	at service.ResponseValidationService.ValidateResponse(ResponseValidationService.java:15)
	at stepDefinitions.FilterStepDefinitions.i_validate_the_response_code_and_response_message(FilterStepDefinitions.java:22)
	at ✽.I Validate the 200 and "All Products fetched Successfully"(file:///C:/Users/hp/eclipse-workspace/APIFrameworkDevelopment/src/test/resources/feature/Filter.feature:52)
]]></failure>
    <system-out><![CDATA[Using Properties file: base.uri = https://rahulshettyacademy.com/api/ecom
Using Properties file: filter.endpoint = /product/get-all-products
]]></system-out>
  </testcase>
</testsuite>